<?xml version="1.0" encoding="UTF-8"?>
<!-- Generated by org.testng.reporters.JUnitReportReporter -->
<testsuite skipped="0" hostname="DESKTOP-29GH370" name="com.mock_project.login.loginTest" tests="1" failures="0" timestamp="2022-04-24T07:54:41 IST" time="88.383" errors="0">
  <testcase name="loginTestMethod" time="88.383" classname="com.mock_project.login.loginTest"/>
  <system-out/>
</testsuite> <!-- com.mock_project.login.loginTest -->
